\BOOKMARK [1][-]{section.1}{Einf\374hrung}{}% 1
\BOOKMARK [1][-]{section.2}{Vorbereitungen der ben\366tigten Theorien}{}% 2
\BOOKMARK [2][-]{subsection.2.1}{\334ber noethersche Moduln und Gruppenringe}{section.2}% 3
\BOOKMARK [2][-]{subsection.2.2}{Poincar\351 und Lefschetz Dualit\344t \204 eine differentialtopologische Betrachtung}{section.2}% 4
\BOOKMARK [2][-]{subsection.2.3}{Konstruktionen}{section.2}% 5
\BOOKMARK [2][-]{subsection.2.4}{Normen und Halbnormen auf freien Z-Moduln und ihre Fortsetzungen}{section.2}% 6
\BOOKMARK [2][-]{subsection.2.5}{Die betrachteten R\344ume}{section.2}% 7
\BOOKMARK [1][-]{section.3}{Die Thurston-Norm}{}% 8
\BOOKMARK [2][-]{subsection.3.1}{Eigenschaften der Thurston-Norm}{section.3}% 9
\BOOKMARK [2][-]{subsection.3.2}{||||T-minimierende Fl\344chen}{section.3}% 10
\BOOKMARK [1][-]{section.4}{Die Alexander-Invarianten}{}% 11
\BOOKMARK [2][-]{subsection.4.1}{Topologische Definitionen}{section.4}% 12
\BOOKMARK [2][-]{subsection.4.2}{Algebraische Definitionen}{section.4}% 13
\BOOKMARK [3][-]{subsubsection.4.2.1}{Herleitung der algebraischen Idee}{subsection.4.2}% 14
\BOOKMARK [3][-]{subsubsection.4.2.2}{Eine \344quivalente Definition von McMullen?}{subsection.4.2}% 15
\BOOKMARK [3][-]{subsubsection.4.2.3}{Rationale Alexander Invarianten}{subsection.4.2}% 16
\BOOKMARK [2][-]{subsection.4.3}{Eigenschaften der Alexander-Polynome}{section.4}% 17
\BOOKMARK [2][-]{subsection.4.4}{Darstellungen des Alexander Ideals}{section.4}% 18
\BOOKMARK [1][-]{section.5}{Folgerungen, Bemerkungen und Beispiele}{}% 19
\BOOKMARK [2][-]{subsection.5.1}{Zu der Thurston-Norm bei \334berlagerungen mit unendlich gro\337er Bettizahl}{section.5}% 20
\BOOKMARK [2][-]{subsection.5.2}{Faserungen}{section.5}% 21
\BOOKMARK [2][-]{subsection.5.3}{Knoten und Verschlingungen}{section.5}% 22
